Using pre-set license
Built from '2021.3/staging' branch; Version is '2021.3.11f1 (0a5ca18544bf) revision 679073'; Using compiler version '192829333'; Build Type 'Release'
OS: 'Windows 10  (10.0.19044) 64bit Professional' Language: 'en' Physical Memory: 16306 MB
BatchMode: 1, IsHumanControllingUs: 0, StartBugReporterOnCrash: 0, Is64bit: 1, IsPro: 1

COMMAND LINE ARGUMENTS:
C:\Program Files\Unity\Hub\Editor\2021.3.11f1\Editor\Unity.exe
-adb2
-batchMode
-noUpm
-name
AssetImportWorker2
-projectPath
C:/Users/Joe/Unity Projects/Create with Code/Prototype 5
-logFile
Logs/AssetImportWorker2.log
-srvPort
57944
Successfully changed project path to: C:/Users/Joe/Unity Projects/Create with Code/Prototype 5
C:/Users/Joe/Unity Projects/Create with Code/Prototype 5
[UnityMemory] Configuration Parameters - Can be set up in boot.config
    "memorysetup-bucket-allocator-granularity=16"
    "memorysetup-bucket-allocator-bucket-count=8"
    "memorysetup-bucket-allocator-block-size=33554432"
    "memorysetup-bucket-allocator-block-count=8"
    "memorysetup-main-allocator-block-size=16777216"
    "memorysetup-thread-allocator-block-size=16777216"
    "memorysetup-gfx-main-allocator-block-size=16777216"
    "memorysetup-gfx-thread-allocator-block-size=16777216"
    "memorysetup-cache-allocator-block-size=4194304"
    "memorysetup-typetree-allocator-block-size=2097152"
    "memorysetup-profiler-bucket-allocator-granularity=16"
    "memorysetup-profiler-bucket-allocator-bucket-count=8"
    "memorysetup-profiler-bucket-allocator-block-size=33554432"
    "memorysetup-profiler-bucket-allocator-block-count=8"
    "memorysetup-profiler-allocator-block-size=16777216"
    "memorysetup-profiler-editor-allocator-block-size=1048576"
    "memorysetup-temp-allocator-size-main=16777216"
    "memorysetup-job-temp-allocator-block-size=2097152"
    "memorysetup-job-temp-allocator-block-size-background=1048576"
    "memorysetup-job-temp-allocator-reduction-small-platforms=262144"
    "memorysetup-temp-allocator-size-background-worker=32768"
    "memorysetup-temp-allocator-size-job-worker=262144"
    "memorysetup-temp-allocator-size-preload-manager=33554432"
    "memorysetup-temp-allocator-size-nav-mesh-worker=65536"
    "memorysetup-temp-allocator-size-audio-worker=65536"
    "memorysetup-temp-allocator-size-cloud-worker=32768"
    "memorysetup-temp-allocator-size-gi-baking-worker=262144"
    "memorysetup-temp-allocator-size-gfx=262144"
Refreshing native plugins compatible for Editor in 74.00 ms, found 3 plugins.
Preloading 0 native plugins for Editor in 0.00 ms.
Initialize engine version: 2021.3.11f1 (0a5ca18544bf)
[Subsystems] Discovering subsystems at path C:/Program Files/Unity/Hub/Editor/2021.3.11f1/Editor/Data/Resources/UnitySubsystems
[Subsystems] Discovering subsystems at path C:/Users/Joe/Unity Projects/Create with Code/Prototype 5/Assets
GfxDevice: creating device client; threaded=0; jobified=0
Direct3D:
    Version:  Direct3D 11.0 [level 11.1]
    Renderer: NVIDIA GeForce RTX 2070 SUPER (ID=0x1e84)
    Vendor:   NVIDIA
    VRAM:     8011 MB
    Driver:   31.0.15.1659
Initialize mono
Mono path[0] = 'C:/Program Files/Unity/Hub/Editor/2021.3.11f1/Editor/Data/Managed'
Mono path[1] = 'C:/Program Files/Unity/Hub/Editor/2021.3.11f1/Editor/Data/MonoBleedingEdge/lib/mono/unityjit-win32'
Mono config path = 'C:/Program Files/Unity/Hub/Editor/2021.3.11f1/Editor/Data/MonoBleedingEdge/etc'
Using monoOptions --debugger-agent=transport=dt_socket,embedding=1,server=y,suspend=n,address=127.0.0.1:56516
Begin MonoManager ReloadAssembly
Registering precompiled unity dll's ...
Register platform support module: C:/Program Files/Unity/Hub/Editor/2021.3.11f1/Editor/Data/PlaybackEngines/WebGLSupport/UnityEditor.WebGL.Extensions.dll
Register platform support module: C:/Program Files/Unity/Hub/Editor/2021.3.11f1/Editor/Data/PlaybackEngines/WindowsStandaloneSupport/UnityEditor.WindowsStandalone.Extensions.dll
Registered in 0.006824 seconds.
Native extension for WindowsStandalone target not found
Native extension for WebGL target not found
Refreshing native plugins compatible for Editor in 71.07 ms, found 3 plugins.
Preloading 0 native plugins for Editor in 0.00 ms.
Mono: successfully reloaded assembly
- Completed reload, in  0.536 seconds
Domain Reload Profiling:
	ReloadAssembly (537ms)
		BeginReloadAssembly (59ms)
			ExecutionOrderSort (0ms)
			DisableScriptedObjects (0ms)
			BackupInstance (0ms)
			ReleaseScriptingObjects (0ms)
			CreateAndSetChildDomain (1ms)
		EndReloadAssembly (383ms)
			LoadAssemblies (57ms)
			RebuildTransferFunctionScriptingTraits (0ms)
			SetupTypeCache (87ms)
			ReleaseScriptCaches (0ms)
			RebuildScriptCaches (22ms)
			SetupLoadedEditorAssemblies (233ms)
				LogAssemblyErrors (0ms)
				InitializePlatformSupportModulesInManaged (8ms)
				SetLoadedEditorAssemblies (0ms)
				RefreshPlugins (71ms)
				BeforeProcessingInitializeOnLoad (1ms)
				ProcessInitializeOnLoadAttributes (114ms)
				ProcessInitializeOnLoadMethodAttributes (39ms)
				AfterProcessingInitializeOnLoad (0ms)
				EditorAssembliesLoaded (0ms)
			ExecutionOrderSort2 (0ms)
			AwakeInstancesAfterBackupRestoration (0ms)
Platform modules already initialized, skipping
Registering precompiled user dll's ...
Registered in 0.005065 seconds.
Begin MonoManager ReloadAssembly
Symbol file LoadedFromMemory doesn't match image C:\Users\Joe\Unity Projects\Create with Code\Prototype 5\Library\PackageCache\com.unity.visualscripting@1.7.8\Editor\VisualScripting.Core\Dependencies\YamlDotNet\Unity.VisualScripting.YamlDotNet.dll
Symbol file LoadedFromMemory doesn't match image C:\Users\Joe\Unity Projects\Create with Code\Prototype 5\Library\PackageCache\com.unity.visualscripting@1.7.8\Editor\VisualScripting.Core\Dependencies\DotNetZip\Unity.VisualScripting.IonicZip.dll
Native extension for WindowsStandalone target not found
Native extension for WebGL target not found
Refreshing native plugins compatible for Editor in 0.67 ms, found 3 plugins.
Preloading 0 native plugins for Editor in 0.00 ms.
Mono: successfully reloaded assembly
- Completed reload, in  0.892 seconds
Domain Reload Profiling:
	ReloadAssembly (893ms)
		BeginReloadAssembly (94ms)
			ExecutionOrderSort (0ms)
			DisableScriptedObjects (5ms)
			BackupInstance (0ms)
			ReleaseScriptingObjects (0ms)
			CreateAndSetChildDomain (17ms)
		EndReloadAssembly (699ms)
			LoadAssemblies (68ms)
			RebuildTransferFunctionScriptingTraits (0ms)
			SetupTypeCache (221ms)
			ReleaseScriptCaches (1ms)
			RebuildScriptCaches (44ms)
			SetupLoadedEditorAssemblies (335ms)
				LogAssemblyErrors (0ms)
				InitializePlatformSupportModulesInManaged (9ms)
				SetLoadedEditorAssemblies (0ms)
				RefreshPlugins (1ms)
				BeforeProcessingInitializeOnLoad (89ms)
				ProcessInitializeOnLoadAttributes (204ms)
				ProcessInitializeOnLoadMethodAttributes (25ms)
				AfterProcessingInitializeOnLoad (7ms)
				EditorAssembliesLoaded (0ms)
			ExecutionOrderSort2 (0ms)
			AwakeInstancesAfterBackupRestoration (5ms)
Platform modules already initialized, skipping
========================================================================
Worker process is ready to serve import requests
Launched and connected shader compiler UnityShaderCompiler.exe after 0.04 seconds
Refreshing native plugins compatible for Editor in 0.62 ms, found 3 plugins.
Preloading 0 native plugins for Editor in 0.00 ms.
Unloading 3382 Unused Serialized files (Serialized files now loaded: 0)
Unloading 27 unused Assets / (113.6 KB). Loaded Objects now: 3839.
Memory consumption went from 116.4 MB to 116.3 MB.
Total: 2.737300 ms (FindLiveObjects: 0.334400 ms CreateObjectMapping: 0.099900 ms MarkObjects: 2.218800 ms  DeleteObjects: 0.083300 ms)

AssetImportParameters requested are different than current active one (requested -> active):
  custom:video-decoder-ogg-theora: a1e56fd34408186e4bbccfd4996cb3dc -> 
  custom:container-muxer-webm: aa71ff27fc2769a1b78a27578f13a17b -> 
  custom:container-demuxer-webm: 4f35f7cbe854078d1ac9338744f61a02 -> 
  custom:video-encoder-webm-vp8: eb34c28f22e8b96e1ab97ce403110664 -> 
  custom:audio-encoder-webm-vorbis: bf7c407c2cedff20999df2af8eb42d56 -> 
  custom:framework-win-MediaFoundation: 216162199b28c13a410421893ffa2e32 -> 
  custom:container-demuxer-ogg: 62fdf1f143b41e24485cea50d1cbac27 -> 
  custom:video-decoder-webm-vp8: 9c59270c3fd7afecdb556c50c9e8de78 -> 
  custom:audio-decoder-ogg-vorbis: bf7c407c2cedff20999df2af8eb42d56 -> 
========================================================================
Received Import Request.
  Time since last request: 28809.064039 seconds.
  path: Assets/Course Library/Materials/Border_Color.mat
  artifactKey: Guid(f4698df765882484da56b48c303119e1) Importer(815301076,1909f56bfc062723c751e8b465ee728b)
Start importing Assets/Course Library/Materials/Border_Color.mat using Guid(f4698df765882484da56b48c303119e1) Importer(815301076,1909f56bfc062723c751e8b465ee728b)  -> (artifact id: '1567d841aef650935f569770edad7912') in 0.182334 seconds 
========================================================================
Received Import Request.
  Time since last request: 23.736794 seconds.
  path: Assets/Course Library/Props/Bad
  artifactKey: Guid(c8d9bef8457384b5e914d88883245b94) Importer(815301076,1909f56bfc062723c751e8b465ee728b)
Start importing Assets/Course Library/Props/Bad using Guid(c8d9bef8457384b5e914d88883245b94) Importer(815301076,1909f56bfc062723c751e8b465ee728b)  -> (artifact id: 'bcecb07e822da443ecd29831b3a80aa0') in 0.005380 seconds 
========================================================================
Received Import Request.
  Time since last request: 0.103320 seconds.
  path: Assets/Course Library/Props/Bad/Skull_01.prefab
  artifactKey: Guid(1aeca1bd9f707c245a80c7f103d235f9) Importer(815301076,1909f56bfc062723c751e8b465ee728b)
Start importing Assets/Course Library/Props/Bad/Skull_01.prefab using Guid(1aeca1bd9f707c245a80c7f103d235f9) Importer(815301076,1909f56bfc062723c751e8b465ee728b)  -> (artifact id: 'aca8e14fa37d65fefc9dcd4d91fdf634') in 0.051416 seconds 
========================================================================
Received Import Request.
  Time since last request: 3.814504 seconds.
  path: Assets/Course Library/Props/Other
  artifactKey: Guid(dd10b0821d1df4d6b9f1957fa3e18e67) Importer(815301076,1909f56bfc062723c751e8b465ee728b)
Start importing Assets/Course Library/Props/Other using Guid(dd10b0821d1df4d6b9f1957fa3e18e67) Importer(815301076,1909f56bfc062723c751e8b465ee728b)  -> (artifact id: '1edb6c178a3cb07f990dfd9cc939904a') in 0.005208 seconds 
========================================================================
Received Import Request.
  Time since last request: 0.083428 seconds.
  path: Assets/Course Library/Props/Other/Barrel_01.prefab
  artifactKey: Guid(95927758d3a4cef4ba6c4318f06876fd) Importer(815301076,1909f56bfc062723c751e8b465ee728b)
Start importing Assets/Course Library/Props/Other/Barrel_01.prefab using Guid(95927758d3a4cef4ba6c4318f06876fd) Importer(815301076,1909f56bfc062723c751e8b465ee728b)  -> (artifact id: '17de3bae590a3fc2942158bf6bdba366') in 0.089265 seconds 
========================================================================
Received Import Request.
  Time since last request: 3.173598 seconds.
  path: Assets/Course Library/Props/Food
  artifactKey: Guid(4b7beded0361e6548a3331d4532b74d2) Importer(815301076,1909f56bfc062723c751e8b465ee728b)
Start importing Assets/Course Library/Props/Food using Guid(4b7beded0361e6548a3331d4532b74d2) Importer(815301076,1909f56bfc062723c751e8b465ee728b)  -> (artifact id: 'd0e448b2f8103199ecb8784fefc769e8') in 0.005655 seconds 
========================================================================
Received Import Request.
  Time since last request: 0.075068 seconds.
  path: Assets/Course Library/Props/Food/Food_Bone_01.prefab
  artifactKey: Guid(1f17d257118ec324ca772c5b2bacbb14) Importer(815301076,1909f56bfc062723c751e8b465ee728b)
Start importing Assets/Course Library/Props/Food/Food_Bone_01.prefab using Guid(1f17d257118ec324ca772c5b2bacbb14) Importer(815301076,1909f56bfc062723c751e8b465ee728b)  -> (artifact id: 'e9e4286acd1c6065ed8371505ebfc016') in 0.014669 seconds 
========================================================================
Received Import Request.
  Time since last request: 0.000020 seconds.
  path: Assets/Course Library/Props/Food/Food_Sandwich_01.prefab
  artifactKey: Guid(5b10c1fadcedc4347b929c94cb50d5d3) Importer(815301076,1909f56bfc062723c751e8b465ee728b)
Start importing Assets/Course Library/Props/Food/Food_Sandwich_01.prefab using Guid(5b10c1fadcedc4347b929c94cb50d5d3) Importer(815301076,1909f56bfc062723c751e8b465ee728b)  -> (artifact id: '28aa4a5aa2268de4a303870545784730') in 0.019419 seconds 
========================================================================
Received Import Request.
  Time since last request: 0.000019 seconds.
  path: Assets/Course Library/Props/Food/Food_Organic_Pear_02.prefab
  artifactKey: Guid(4949a22a2c444b0459d7289aae77be28) Importer(815301076,1909f56bfc062723c751e8b465ee728b)
Start importing Assets/Course Library/Props/Food/Food_Organic_Pear_02.prefab using Guid(4949a22a2c444b0459d7289aae77be28) Importer(815301076,1909f56bfc062723c751e8b465ee728b)  -> (artifact id: '5d120e1f7b4a1040a998e4d0a7a95e3b') in 0.013285 seconds 
========================================================================
Received Import Request.
  Time since last request: 0.000020 seconds.
  path: Assets/Course Library/Props/Food/Food_Organic_Apple_03.prefab
  artifactKey: Guid(c2f4b43f266dc11439efef86830dafb4) Importer(815301076,1909f56bfc062723c751e8b465ee728b)
Start importing Assets/Course Library/Props/Food/Food_Organic_Apple_03.prefab using Guid(c2f4b43f266dc11439efef86830dafb4) Importer(815301076,1909f56bfc062723c751e8b465ee728b)  -> (artifact id: '2aba3b411f7763c9d761a77fa0c212c8') in 0.014818 seconds 
========================================================================
Received Import Request.
  Time since last request: 0.000025 seconds.
  path: Assets/Course Library/Props/Food/Food_Pizza_01.prefab
  artifactKey: Guid(06cdf427476835b42837c1ca7f8cdbd1) Importer(815301076,1909f56bfc062723c751e8b465ee728b)
Start importing Assets/Course Library/Props/Food/Food_Pizza_01.prefab using Guid(06cdf427476835b42837c1ca7f8cdbd1) Importer(815301076,1909f56bfc062723c751e8b465ee728b)  -> (artifact id: 'b18278f41c0dc40d67dbe6df49d0e83f') in 0.016303 seconds 
========================================================================
Received Import Request.
  Time since last request: 10.070300 seconds.
  path: Assets/Course Library/Props/Balls
  artifactKey: Guid(a24c52ef268e64400bd606e28ddfcef7) Importer(815301076,1909f56bfc062723c751e8b465ee728b)
Start importing Assets/Course Library/Props/Balls using Guid(a24c52ef268e64400bd606e28ddfcef7) Importer(815301076,1909f56bfc062723c751e8b465ee728b)  -> (artifact id: 'd367931236ea09d2dcdee96064264874') in 0.005242 seconds 
========================================================================
Received Import Request.
  Time since last request: 0.818506 seconds.
  path: Assets/Course Library/Props/Balls/Ball_8Ball.prefab
  artifactKey: Guid(d4ee8d5ef71ec5a49b51381c8889bc09) Importer(815301076,1909f56bfc062723c751e8b465ee728b)
Start importing Assets/Course Library/Props/Balls/Ball_8Ball.prefab using Guid(d4ee8d5ef71ec5a49b51381c8889bc09) Importer(815301076,1909f56bfc062723c751e8b465ee728b)  -> (artifact id: 'b2a9d02c6f7ce77186c6648c64e49419') in 0.190200 seconds 
========================================================================
Received Import Request.
  Time since last request: 297.890538 seconds.
  path: Assets
  artifactKey: Guid(00000000000000001000000000000000) Importer(815301076,1909f56bfc062723c751e8b465ee728b)
Start importing Assets using Guid(00000000000000001000000000000000) Importer(815301076,1909f56bfc062723c751e8b465ee728b)  -> (artifact id: '79842766b460edbeab6a34051e857a80') in 0.004655 seconds 
========================================================================
Received Import Request.
  Time since last request: 16.981843 seconds.
  path: Assets/Target.cs
  artifactKey: Guid(ef80ea7c6102cba4c96a2edf07320c75) Importer(815301076,1909f56bfc062723c751e8b465ee728b)
Start importing Assets/Target.cs using Guid(ef80ea7c6102cba4c96a2edf07320c75) Importer(815301076,1909f56bfc062723c751e8b465ee728b)  -> (artifact id: '16ecc7292703bb6146578f0f44215a16') in 0.030596 seconds 
========================================================================
Received Prepare
Registering precompiled user dll's ...
Registered in 0.005270 seconds.
Begin MonoManager ReloadAssembly
Symbol file LoadedFromMemory doesn't match image C:\Users\Joe\Unity Projects\Create with Code\Prototype 5\Library\PackageCache\com.unity.visualscripting@1.7.8\Editor\VisualScripting.Core\Dependencies\YamlDotNet\Unity.VisualScripting.YamlDotNet.dll
Symbol file LoadedFromMemory doesn't match image C:\Users\Joe\Unity Projects\Create with Code\Prototype 5\Library\PackageCache\com.unity.visualscripting@1.7.8\Editor\VisualScripting.Core\Dependencies\DotNetZip\Unity.VisualScripting.IonicZip.dll
Native extension for WindowsStandalone target not found
Native extension for WebGL target not found
Refreshing native plugins compatible for Editor in 0.45 ms, found 3 plugins.
Preloading 0 native plugins for Editor in 0.00 ms.
Mono: successfully reloaded assembly
- Completed reload, in  0.841 seconds
Domain Reload Profiling:
	ReloadAssembly (842ms)
		BeginReloadAssembly (116ms)
			ExecutionOrderSort (0ms)
			DisableScriptedObjects (3ms)
			BackupInstance (0ms)
			ReleaseScriptingObjects (0ms)
			CreateAndSetChildDomain (31ms)
		EndReloadAssembly (630ms)
			LoadAssemblies (76ms)
			RebuildTransferFunctionScriptingTraits (0ms)
			SetupTypeCache (215ms)
			ReleaseScriptCaches (1ms)
			RebuildScriptCaches (32ms)
			SetupLoadedEditorAssemblies (275ms)
				LogAssemblyErrors (0ms)
				InitializePlatformSupportModulesInManaged (12ms)
				SetLoadedEditorAssemblies (0ms)
				RefreshPlugins (0ms)
				BeforeProcessingInitializeOnLoad (58ms)
				ProcessInitializeOnLoadAttributes (175ms)
				ProcessInitializeOnLoadMethodAttributes (22ms)
				AfterProcessingInitializeOnLoad (7ms)
				EditorAssembliesLoaded (0ms)
			ExecutionOrderSort2 (0ms)
			AwakeInstancesAfterBackupRestoration (5ms)
Platform modules already initialized, skipping
Refreshing native plugins compatible for Editor in 1.75 ms, found 3 plugins.
Preloading 0 native plugins for Editor in 0.00 ms.
Unloading 3377 Unused Serialized files (Serialized files now loaded: 0)
Unloading 20 unused Assets / (79.9 KB). Loaded Objects now: 3884.
Memory consumption went from 120.9 MB to 120.8 MB.
Total: 2.600900 ms (FindLiveObjects: 0.246300 ms CreateObjectMapping: 0.082000 ms MarkObjects: 2.199100 ms  DeleteObjects: 0.072600 ms)

AssetImportParameters requested are different than current active one (requested -> active):
  custom:video-decoder-ogg-theora: a1e56fd34408186e4bbccfd4996cb3dc -> 
  custom:container-muxer-webm: aa71ff27fc2769a1b78a27578f13a17b -> 
  custom:container-demuxer-webm: 4f35f7cbe854078d1ac9338744f61a02 -> 
  custom:video-encoder-webm-vp8: eb34c28f22e8b96e1ab97ce403110664 -> 
  custom:audio-encoder-webm-vorbis: bf7c407c2cedff20999df2af8eb42d56 -> 
  custom:framework-win-MediaFoundation: 216162199b28c13a410421893ffa2e32 -> 
  custom:container-demuxer-ogg: 62fdf1f143b41e24485cea50d1cbac27 -> 
  custom:video-decoder-webm-vp8: 9c59270c3fd7afecdb556c50c9e8de78 -> 
  custom:audio-decoder-ogg-vorbis: bf7c407c2cedff20999df2af8eb42d56 -> 
========================================================================
Received Import Request.
  Time since last request: 11.270026 seconds.
  path: Assets/Scripts
  artifactKey: Guid(2d697b0b13681894e941fb3bbf2ab5c5) Importer(815301076,1909f56bfc062723c751e8b465ee728b)
Start importing Assets/Scripts using Guid(2d697b0b13681894e941fb3bbf2ab5c5) Importer(815301076,1909f56bfc062723c751e8b465ee728b)  -> (artifact id: 'ae05abeaee5ed5c200900b1dcc9d9110') in 0.009676 seconds 
========================================================================
Received Prepare
Registering precompiled user dll's ...
Registered in 0.005020 seconds.
Begin MonoManager ReloadAssembly
Symbol file LoadedFromMemory doesn't match image C:\Users\Joe\Unity Projects\Create with Code\Prototype 5\Library\PackageCache\com.unity.visualscripting@1.7.8\Editor\VisualScripting.Core\Dependencies\YamlDotNet\Unity.VisualScripting.YamlDotNet.dll
Symbol file LoadedFromMemory doesn't match image C:\Users\Joe\Unity Projects\Create with Code\Prototype 5\Library\PackageCache\com.unity.visualscripting@1.7.8\Editor\VisualScripting.Core\Dependencies\DotNetZip\Unity.VisualScripting.IonicZip.dll
Native extension for WindowsStandalone target not found
Native extension for WebGL target not found
Refreshing native plugins compatible for Editor in 0.46 ms, found 3 plugins.
Preloading 0 native plugins for Editor in 0.00 ms.
Mono: successfully reloaded assembly
- Completed reload, in  0.824 seconds
Domain Reload Profiling:
	ReloadAssembly (825ms)
		BeginReloadAssembly (116ms)
			ExecutionOrderSort (0ms)
			DisableScriptedObjects (5ms)
			BackupInstance (0ms)
			ReleaseScriptingObjects (0ms)
			CreateAndSetChildDomain (31ms)
		EndReloadAssembly (620ms)
			LoadAssemblies (66ms)
			RebuildTransferFunctionScriptingTraits (0ms)
			SetupTypeCache (208ms)
			ReleaseScriptCaches (1ms)
			RebuildScriptCaches (32ms)
			SetupLoadedEditorAssemblies (278ms)
				LogAssemblyErrors (0ms)
				InitializePlatformSupportModulesInManaged (12ms)
				SetLoadedEditorAssemblies (0ms)
				RefreshPlugins (0ms)
				BeforeProcessingInitializeOnLoad (58ms)
				ProcessInitializeOnLoadAttributes (174ms)
				ProcessInitializeOnLoadMethodAttributes (26ms)
				AfterProcessingInitializeOnLoad (7ms)
				EditorAssembliesLoaded (0ms)
			ExecutionOrderSort2 (0ms)
			AwakeInstancesAfterBackupRestoration (5ms)
Platform modules already initialized, skipping
Refreshing native plugins compatible for Editor in 1.73 ms, found 3 plugins.
Preloading 0 native plugins for Editor in 0.00 ms.
Unloading 3377 Unused Serialized files (Serialized files now loaded: 0)
Unloading 20 unused Assets / (79.8 KB). Loaded Objects now: 3887.
Memory consumption went from 120.9 MB to 120.8 MB.
Total: 2.473300 ms (FindLiveObjects: 0.232400 ms CreateObjectMapping: 0.080200 ms MarkObjects: 2.089000 ms  DeleteObjects: 0.071000 ms)

AssetImportParameters requested are different than current active one (requested -> active):
  custom:video-decoder-ogg-theora: a1e56fd34408186e4bbccfd4996cb3dc -> 
  custom:container-muxer-webm: aa71ff27fc2769a1b78a27578f13a17b -> 
  custom:container-demuxer-webm: 4f35f7cbe854078d1ac9338744f61a02 -> 
  custom:video-encoder-webm-vp8: eb34c28f22e8b96e1ab97ce403110664 -> 
  custom:audio-encoder-webm-vorbis: bf7c407c2cedff20999df2af8eb42d56 -> 
  custom:framework-win-MediaFoundation: 216162199b28c13a410421893ffa2e32 -> 
  custom:container-demuxer-ogg: 62fdf1f143b41e24485cea50d1cbac27 -> 
  custom:video-decoder-webm-vp8: 9c59270c3fd7afecdb556c50c9e8de78 -> 
  custom:audio-decoder-ogg-vorbis: bf7c407c2cedff20999df2af8eb42d56 -> 
========================================================================
Received Import Request.
  Time since last request: 29.726152 seconds.
  path: Assets/Prefabs
  artifactKey: Guid(b539c8fc83e70874ea71ba6c73a839dc) Importer(815301076,1909f56bfc062723c751e8b465ee728b)
Start importing Assets/Prefabs using Guid(b539c8fc83e70874ea71ba6c73a839dc) Importer(815301076,1909f56bfc062723c751e8b465ee728b)  -> (artifact id: 'f3f2d5f8aa4d90bf4ffe6ffe9f7750ad') in 0.009993 seconds 
========================================================================
Received Import Request.
  Time since last request: 5.958414 seconds.
  path: Assets/Prefabs/Good 1.prefab
  artifactKey: Guid(84946e41b3763784c92d3ec8935610c5) Importer(815301076,1909f56bfc062723c751e8b465ee728b)
Start importing Assets/Prefabs/Good 1.prefab using Guid(84946e41b3763784c92d3ec8935610c5) Importer(815301076,1909f56bfc062723c751e8b465ee728b)  -> (artifact id: '77913992c3ed7eee219d6114c9a98a22') in 0.062282 seconds 
========================================================================
Received Import Request.
  Time since last request: 0.000020 seconds.
  path: Assets/Prefabs/Good 2.prefab
  artifactKey: Guid(3f09209cdc57f984cb07c12b73d36ce1) Importer(815301076,1909f56bfc062723c751e8b465ee728b)
Start importing Assets/Prefabs/Good 2.prefab using Guid(3f09209cdc57f984cb07c12b73d36ce1) Importer(815301076,1909f56bfc062723c751e8b465ee728b)  -> (artifact id: '282f4c95c0269b290377bc3eb9d9379d') in 0.013685 seconds 
========================================================================
Received Import Request.
  Time since last request: 0.000036 seconds.
  path: Assets/Prefabs/Good 3.prefab
  artifactKey: Guid(4d1e8e404c28b0149876c4ce97a9e8c0) Importer(815301076,1909f56bfc062723c751e8b465ee728b)
Start importing Assets/Prefabs/Good 3.prefab using Guid(4d1e8e404c28b0149876c4ce97a9e8c0) Importer(815301076,1909f56bfc062723c751e8b465ee728b)  -> (artifact id: '949410cb0603e25735d9e0cb7814611c') in 0.013147 seconds 
========================================================================
Received Import Request.
  Time since last request: 74.829363 seconds.
  path: Assets/Scripts/Target.cs
  artifactKey: Guid(ef80ea7c6102cba4c96a2edf07320c75) Importer(815301076,1909f56bfc062723c751e8b465ee728b)
Start importing Assets/Scripts/Target.cs using Guid(ef80ea7c6102cba4c96a2edf07320c75) Importer(815301076,1909f56bfc062723c751e8b465ee728b)  -> (artifact id: '68bf22454ae5621c4d175c4219e469fa') in 0.005884 seconds 
========================================================================
Received Import Request.
  Time since last request: 971.159744 seconds.
  path: Assets/Scripts/Target.cs
  artifactKey: Guid(ef80ea7c6102cba4c96a2edf07320c75) Importer(815301076,1909f56bfc062723c751e8b465ee728b)
Start importing Assets/Scripts/Target.cs using Guid(ef80ea7c6102cba4c96a2edf07320c75) Importer(815301076,1909f56bfc062723c751e8b465ee728b)  -> (artifact id: '06098d4b5751e4361139c774a535c902') in 0.001992 seconds 
========================================================================
Received Import Request.
  Time since last request: 7.262286 seconds.
  path: Assets/Scripts/Target.cs
  artifactKey: Guid(ef80ea7c6102cba4c96a2edf07320c75) Importer(815301076,1909f56bfc062723c751e8b465ee728b)
Start importing Assets/Scripts/Target.cs using Guid(ef80ea7c6102cba4c96a2edf07320c75) Importer(815301076,1909f56bfc062723c751e8b465ee728b)  -> (artifact id: '34ea92b8d64135f17d3fb61f6d72cea9') in 0.001848 seconds 
========================================================================
Received Prepare
Registering precompiled user dll's ...
Registered in 0.005945 seconds.
Begin MonoManager ReloadAssembly
Symbol file LoadedFromMemory doesn't match image C:\Users\Joe\Unity Projects\Create with Code\Prototype 5\Library\PackageCache\com.unity.visualscripting@1.7.8\Editor\VisualScripting.Core\Dependencies\YamlDotNet\Unity.VisualScripting.YamlDotNet.dll
Symbol file LoadedFromMemory doesn't match image C:\Users\Joe\Unity Projects\Create with Code\Prototype 5\Library\PackageCache\com.unity.visualscripting@1.7.8\Editor\VisualScripting.Core\Dependencies\DotNetZip\Unity.VisualScripting.IonicZip.dll
Native extension for WindowsStandalone target not found
Native extension for WebGL target not found
Refreshing native plugins compatible for Editor in 0.62 ms, found 3 plugins.
Preloading 0 native plugins for Editor in 0.00 ms.
Mono: successfully reloaded assembly
- Completed reload, in  0.846 seconds
Domain Reload Profiling:
	ReloadAssembly (847ms)
		BeginReloadAssembly (120ms)
			ExecutionOrderSort (0ms)
			DisableScriptedObjects (4ms)
			BackupInstance (0ms)
			ReleaseScriptingObjects (0ms)
			CreateAndSetChildDomain (33ms)
		EndReloadAssembly (637ms)
			LoadAssemblies (75ms)
			RebuildTransferFunctionScriptingTraits (0ms)
			SetupTypeCache (217ms)
			ReleaseScriptCaches (1ms)
			RebuildScriptCaches (35ms)
			SetupLoadedEditorAssemblies (279ms)
				LogAssemblyErrors (0ms)
				InitializePlatformSupportModulesInManaged (12ms)
				SetLoadedEditorAssemblies (0ms)
				RefreshPlugins (1ms)
				BeforeProcessingInitializeOnLoad (61ms)
				ProcessInitializeOnLoadAttributes (175ms)
				ProcessInitializeOnLoadMethodAttributes (22ms)
				AfterProcessingInitializeOnLoad (7ms)
				EditorAssembliesLoaded (0ms)
			ExecutionOrderSort2 (0ms)
			AwakeInstancesAfterBackupRestoration (5ms)
Platform modules already initialized, skipping
Refreshing native plugins compatible for Editor in 1.75 ms, found 3 plugins.
Preloading 0 native plugins for Editor in 0.00 ms.
Unloading 3377 Unused Serialized files (Serialized files now loaded: 0)
Unloading 20 unused Assets / (79.8 KB). Loaded Objects now: 3890.
Memory consumption went from 120.9 MB to 120.9 MB.
Total: 2.985700 ms (FindLiveObjects: 0.258100 ms CreateObjectMapping: 0.099400 ms MarkObjects: 2.522000 ms  DeleteObjects: 0.104900 ms)

AssetImportParameters requested are different than current active one (requested -> active):
  custom:video-decoder-ogg-theora: a1e56fd34408186e4bbccfd4996cb3dc -> 
  custom:container-muxer-webm: aa71ff27fc2769a1b78a27578f13a17b -> 
  custom:container-demuxer-webm: 4f35f7cbe854078d1ac9338744f61a02 -> 
  custom:video-encoder-webm-vp8: eb34c28f22e8b96e1ab97ce403110664 -> 
  custom:audio-encoder-webm-vorbis: bf7c407c2cedff20999df2af8eb42d56 -> 
  custom:framework-win-MediaFoundation: 216162199b28c13a410421893ffa2e32 -> 
  custom:container-demuxer-ogg: 62fdf1f143b41e24485cea50d1cbac27 -> 
  custom:video-decoder-webm-vp8: 9c59270c3fd7afecdb556c50c9e8de78 -> 
  custom:audio-decoder-ogg-vorbis: bf7c407c2cedff20999df2af8eb42d56 -> 
========================================================================
Received Prepare
Registering precompiled user dll's ...
Registered in 0.005763 seconds.
Begin MonoManager ReloadAssembly
Symbol file LoadedFromMemory doesn't match image C:\Users\Joe\Unity Projects\Create with Code\Prototype 5\Library\PackageCache\com.unity.visualscripting@1.7.8\Editor\VisualScripting.Core\Dependencies\YamlDotNet\Unity.VisualScripting.YamlDotNet.dll
Symbol file LoadedFromMemory doesn't match image C:\Users\Joe\Unity Projects\Create with Code\Prototype 5\Library\PackageCache\com.unity.visualscripting@1.7.8\Editor\VisualScripting.Core\Dependencies\DotNetZip\Unity.VisualScripting.IonicZip.dll
Native extension for WindowsStandalone target not found
Native extension for WebGL target not found
Refreshing native plugins compatible for Editor in 0.59 ms, found 3 plugins.
Preloading 0 native plugins for Editor in 0.00 ms.
Mono: successfully reloaded assembly
- Completed reload, in  0.855 seconds
Domain Reload Profiling:
	ReloadAssembly (856ms)
		BeginReloadAssembly (124ms)
			ExecutionOrderSort (0ms)
			DisableScriptedObjects (5ms)
			BackupInstance (0ms)
			ReleaseScriptingObjects (0ms)
			CreateAndSetChildDomain (36ms)
		EndReloadAssembly (643ms)
			LoadAssemblies (74ms)
			RebuildTransferFunctionScriptingTraits (0ms)
			SetupTypeCache (222ms)
			ReleaseScriptCaches (1ms)
			RebuildScriptCaches (34ms)
			SetupLoadedEditorAssemblies (280ms)
				LogAssemblyErrors (0ms)
				InitializePlatformSupportModulesInManaged (13ms)
				SetLoadedEditorAssemblies (0ms)
				RefreshPlugins (1ms)
				BeforeProcessingInitializeOnLoad (62ms)
				ProcessInitializeOnLoadAttributes (175ms)
				ProcessInitializeOnLoadMethodAttributes (22ms)
				AfterProcessingInitializeOnLoad (7ms)
				EditorAssembliesLoaded (0ms)
			ExecutionOrderSort2 (0ms)
			AwakeInstancesAfterBackupRestoration (5ms)
Platform modules already initialized, skipping
Refreshing native plugins compatible for Editor in 1.77 ms, found 3 plugins.
Preloading 0 native plugins for Editor in 0.00 ms.
Unloading 3377 Unused Serialized files (Serialized files now loaded: 0)
Unloading 20 unused Assets / (79.9 KB). Loaded Objects now: 3893.
Memory consumption went from 120.9 MB to 120.9 MB.
Total: 2.536200 ms (FindLiveObjects: 0.247200 ms CreateObjectMapping: 0.082000 ms MarkObjects: 2.131600 ms  DeleteObjects: 0.074400 ms)

AssetImportParameters requested are different than current active one (requested -> active):
  custom:video-decoder-ogg-theora: a1e56fd34408186e4bbccfd4996cb3dc -> 
  custom:container-muxer-webm: aa71ff27fc2769a1b78a27578f13a17b -> 
  custom:container-demuxer-webm: 4f35f7cbe854078d1ac9338744f61a02 -> 
  custom:video-encoder-webm-vp8: eb34c28f22e8b96e1ab97ce403110664 -> 
  custom:audio-encoder-webm-vorbis: bf7c407c2cedff20999df2af8eb42d56 -> 
  custom:framework-win-MediaFoundation: 216162199b28c13a410421893ffa2e32 -> 
  custom:container-demuxer-ogg: 62fdf1f143b41e24485cea50d1cbac27 -> 
  custom:video-decoder-webm-vp8: 9c59270c3fd7afecdb556c50c9e8de78 -> 
  custom:audio-decoder-ogg-vorbis: bf7c407c2cedff20999df2af8eb42d56 -> 
========================================================================
Received Import Request.
  Time since last request: 140.374767 seconds.
  path: Assets/Scripts/Target.cs
  artifactKey: Guid(ef80ea7c6102cba4c96a2edf07320c75) Importer(815301076,1909f56bfc062723c751e8b465ee728b)
Start importing Assets/Scripts/Target.cs using Guid(ef80ea7c6102cba4c96a2edf07320c75) Importer(815301076,1909f56bfc062723c751e8b465ee728b)  -> (artifact id: '632f379a11fad595e107b0c7cd13353b') in 0.006009 seconds 
========================================================================
Received Import Request.
  Time since last request: 10.120416 seconds.
  path: Assets/Scripts/GameManager.cs
  artifactKey: Guid(7e3d45fbfe6e37c478313fe79bf06131) Importer(815301076,1909f56bfc062723c751e8b465ee728b)
Start importing Assets/Scripts/GameManager.cs using Guid(7e3d45fbfe6e37c478313fe79bf06131) Importer(815301076,1909f56bfc062723c751e8b465ee728b)  -> (artifact id: 'd7a5664e0569306d796112323d1c23f4') in 0.006492 seconds 
========================================================================
Received Prepare
Registering precompiled user dll's ...
Registered in 0.006135 seconds.
Begin MonoManager ReloadAssembly
Symbol file LoadedFromMemory doesn't match image C:\Users\Joe\Unity Projects\Create with Code\Prototype 5\Library\PackageCache\com.unity.visualscripting@1.7.8\Editor\VisualScripting.Core\Dependencies\YamlDotNet\Unity.VisualScripting.YamlDotNet.dll
Symbol file LoadedFromMemory doesn't match image C:\Users\Joe\Unity Projects\Create with Code\Prototype 5\Library\PackageCache\com.unity.visualscripting@1.7.8\Editor\VisualScripting.Core\Dependencies\DotNetZip\Unity.VisualScripting.IonicZip.dll
Native extension for WindowsStandalone target not found
Native extension for WebGL target not found
Refreshing native plugins compatible for Editor in 0.60 ms, found 3 plugins.
Preloading 0 native plugins for Editor in 0.00 ms.
Mono: successfully reloaded assembly
- Completed reload, in  0.857 seconds
Domain Reload Profiling:
	ReloadAssembly (857ms)
		BeginReloadAssembly (117ms)
			ExecutionOrderSort (0ms)
			DisableScriptedObjects (6ms)
			BackupInstance (0ms)
			ReleaseScriptingObjects (0ms)
			CreateAndSetChildDomain (30ms)
		EndReloadAssembly (649ms)
			LoadAssemblies (74ms)
			RebuildTransferFunctionScriptingTraits (0ms)
			SetupTypeCache (226ms)
			ReleaseScriptCaches (1ms)
			RebuildScriptCaches (32ms)
			SetupLoadedEditorAssemblies (279ms)
				LogAssemblyErrors (0ms)
				InitializePlatformSupportModulesInManaged (13ms)
				SetLoadedEditorAssemblies (0ms)
				RefreshPlugins (1ms)
				BeforeProcessingInitializeOnLoad (62ms)
				ProcessInitializeOnLoadAttributes (173ms)
				ProcessInitializeOnLoadMethodAttributes (23ms)
				AfterProcessingInitializeOnLoad (7ms)
				EditorAssembliesLoaded (0ms)
			ExecutionOrderSort2 (0ms)
			AwakeInstancesAfterBackupRestoration (5ms)
Platform modules already initialized, skipping
Refreshing native plugins compatible for Editor in 1.76 ms, found 3 plugins.
Preloading 0 native plugins for Editor in 0.00 ms.
Unloading 3378 Unused Serialized files (Serialized files now loaded: 0)
Unloading 20 unused Assets / (79.8 KB). Loaded Objects now: 3897.
Memory consumption went from 121.0 MB to 120.9 MB.
Total: 2.872600 ms (FindLiveObjects: 0.263900 ms CreateObjectMapping: 0.084900 ms MarkObjects: 2.436400 ms  DeleteObjects: 0.086100 ms)

AssetImportParameters requested are different than current active one (requested -> active):
  custom:video-decoder-ogg-theora: a1e56fd34408186e4bbccfd4996cb3dc -> 
  custom:container-muxer-webm: aa71ff27fc2769a1b78a27578f13a17b -> 
  custom:container-demuxer-webm: 4f35f7cbe854078d1ac9338744f61a02 -> 
  custom:video-encoder-webm-vp8: eb34c28f22e8b96e1ab97ce403110664 -> 
  custom:audio-encoder-webm-vorbis: bf7c407c2cedff20999df2af8eb42d56 -> 
  custom:framework-win-MediaFoundation: 216162199b28c13a410421893ffa2e32 -> 
  custom:container-demuxer-ogg: 62fdf1f143b41e24485cea50d1cbac27 -> 
  custom:video-decoder-webm-vp8: 9c59270c3fd7afecdb556c50c9e8de78 -> 
  custom:audio-decoder-ogg-vorbis: bf7c407c2cedff20999df2af8eb42d56 -> 
========================================================================
Received Prepare
Registering precompiled user dll's ...
Registered in 0.005634 seconds.
Begin MonoManager ReloadAssembly
Symbol file LoadedFromMemory doesn't match image C:\Users\Joe\Unity Projects\Create with Code\Prototype 5\Library\PackageCache\com.unity.visualscripting@1.7.8\Editor\VisualScripting.Core\Dependencies\YamlDotNet\Unity.VisualScripting.YamlDotNet.dll
Symbol file LoadedFromMemory doesn't match image C:\Users\Joe\Unity Projects\Create with Code\Prototype 5\Library\PackageCache\com.unity.visualscripting@1.7.8\Editor\VisualScripting.Core\Dependencies\DotNetZip\Unity.VisualScripting.IonicZip.dll
Native extension for WindowsStandalone target not found
Native extension for WebGL target not found
Refreshing native plugins compatible for Editor in 0.46 ms, found 3 plugins.
Preloading 0 native plugins for Editor in 0.00 ms.
Mono: successfully reloaded assembly
- Completed reload, in  0.828 seconds
Domain Reload Profiling:
	ReloadAssembly (829ms)
		BeginReloadAssembly (119ms)
			ExecutionOrderSort (0ms)
			DisableScriptedObjects (5ms)
			BackupInstance (0ms)
			ReleaseScriptingObjects (0ms)
			CreateAndSetChildDomain (33ms)
		EndReloadAssembly (624ms)
			LoadAssemblies (70ms)
			RebuildTransferFunctionScriptingTraits (0ms)
			SetupTypeCache (214ms)
			ReleaseScriptCaches (1ms)
			RebuildScriptCaches (32ms)
			SetupLoadedEditorAssemblies (275ms)
				LogAssemblyErrors (0ms)
				InitializePlatformSupportModulesInManaged (12ms)
				SetLoadedEditorAssemblies (0ms)
				RefreshPlugins (1ms)
				BeforeProcessingInitializeOnLoad (58ms)
				ProcessInitializeOnLoadAttributes (174ms)
				ProcessInitializeOnLoadMethodAttributes (22ms)
				AfterProcessingInitializeOnLoad (7ms)
				EditorAssembliesLoaded (0ms)
			ExecutionOrderSort2 (0ms)
			AwakeInstancesAfterBackupRestoration (5ms)
Platform modules already initialized, skipping
Refreshing native plugins compatible for Editor in 1.68 ms, found 3 plugins.
Preloading 0 native plugins for Editor in 0.00 ms.
Unloading 3378 Unused Serialized files (Serialized files now loaded: 0)
Unloading 20 unused Assets / (79.8 KB). Loaded Objects now: 3900.
Memory consumption went from 121.0 MB to 120.9 MB.
Total: 2.605300 ms (FindLiveObjects: 0.249000 ms CreateObjectMapping: 0.081800 ms MarkObjects: 2.193600 ms  DeleteObjects: 0.080000 ms)

AssetImportParameters requested are different than current active one (requested -> active):
  custom:video-decoder-ogg-theora: a1e56fd34408186e4bbccfd4996cb3dc -> 
  custom:container-muxer-webm: aa71ff27fc2769a1b78a27578f13a17b -> 
  custom:container-demuxer-webm: 4f35f7cbe854078d1ac9338744f61a02 -> 
  custom:video-encoder-webm-vp8: eb34c28f22e8b96e1ab97ce403110664 -> 
  custom:audio-encoder-webm-vorbis: bf7c407c2cedff20999df2af8eb42d56 -> 
  custom:framework-win-MediaFoundation: 216162199b28c13a410421893ffa2e32 -> 
  custom:container-demuxer-ogg: 62fdf1f143b41e24485cea50d1cbac27 -> 
  custom:video-decoder-webm-vp8: 9c59270c3fd7afecdb556c50c9e8de78 -> 
  custom:audio-decoder-ogg-vorbis: bf7c407c2cedff20999df2af8eb42d56 -> 
========================================================================
Received Import Request.
  Time since last request: 689.161218 seconds.
  path: Assets/Prefabs/Bad 1.prefab
  artifactKey: Guid(aec738762c9d9d746bcf0e227522addf) Importer(815301076,1909f56bfc062723c751e8b465ee728b)
Start importing Assets/Prefabs/Bad 1.prefab using Guid(aec738762c9d9d746bcf0e227522addf) Importer(815301076,1909f56bfc062723c751e8b465ee728b)  -> (artifact id: 'eadbe9cfaf77b93fcc21729a36596e0d') in 0.274820 seconds 
